<?xml version="1.0" encoding="UTF-8"?>
<!-- Generated by org.testng.reporters.JUnitXMLReporter -->
<testsuite hostname="X22NEN685GBPGOJ" name="test" tests="4" failures="0" timestamp="24 Jun 2015 02:22:54 GMT" time="0.035" errors="0">
  <testcase name="aFastTest" time="0.0050" classname="example1.SimpleTest"/>
  <testcase name="aSlowTest" time="0.0020" classname="example1.SimpleTest"/>
  <testcase name="Test1" time="0.0010" classname="example1.TestNGLearn1"/>
  <testcase name="Test2" time="0.0010" classname="example1.TestNGLearn1"/>
</testsuite> <!-- test -->
